<?xml version="1.0" encoding="UTF-8"?>
<testng-results ignored="0" total="3" passed="3" failed="0" skipped="0">
  <reporter-output>
  </reporter-output>
  <suite started-at="2022-12-14T22:09:19Z" name="Command line suite" finished-at="2022-12-14T22:09:30Z" duration-ms="10498">
    <groups>
    </groups>
    <test started-at="2022-12-14T22:09:19Z" name="Command line test" finished-at="2022-12-14T22:09:30Z" duration-ms="10498">
      <class name="Tests.Test3">
        <test-method is-config="true" signature="befortest()[pri:0, instance:Tests.Test3@5bd03f44]" started-at="2022-12-14T22:09:25Z" name="befortest" finished-at="2022-12-14T22:09:27Z" duration-ms="1419" status="PASS">
          <reporter-output>
          </reporter-output>
        </test-method> <!-- befortest -->
        <test-method signature="test3()[pri:0, instance:Tests.Test3@5bd03f44]" started-at="2022-12-14T22:09:27Z" name="test3" finished-at="2022-12-14T22:09:29Z" duration-ms="2414" status="PASS">
          <reporter-output>
          </reporter-output>
        </test-method> <!-- test3 -->
        <test-method is-config="true" signature="AfterN()[pri:0, instance:Tests.Test3@5bd03f44]" started-at="2022-12-14T22:09:29Z" name="AfterN" finished-at="2022-12-14T22:09:30Z" duration-ms="399" status="PASS">
          <reporter-output>
          </reporter-output>
        </test-method> <!-- AfterN -->
      </class> <!-- Tests.Test3 -->
      <class name="Tests.Test2">
        <test-method is-config="true" signature="befortest()[pri:0, instance:Tests.Test2@17046283]" started-at="2022-12-14T22:09:23Z" name="befortest" finished-at="2022-12-14T22:09:24Z" duration-ms="1623" status="PASS">
          <reporter-output>
          </reporter-output>
        </test-method> <!-- befortest -->
        <test-method signature="Test()[pri:0, instance:Tests.Test2@17046283]" started-at="2022-12-14T22:09:24Z" name="Test" finished-at="2022-12-14T22:09:25Z" duration-ms="484" status="PASS">
          <reporter-output>
          </reporter-output>
        </test-method> <!-- Test -->
        <test-method is-config="true" signature="AfterN()[pri:0, instance:Tests.Test2@17046283]" started-at="2022-12-14T22:09:25Z" name="AfterN" finished-at="2022-12-14T22:09:25Z" duration-ms="408" status="PASS">
          <reporter-output>
          </reporter-output>
        </test-method> <!-- AfterN -->
      </class> <!-- Tests.Test2 -->
      <class name="Tests.Test1">
        <test-method is-config="true" signature="befortest()[pri:0, instance:Tests.Test1@70e8f8e]" started-at="2022-12-14T22:09:19Z" name="befortest" finished-at="2022-12-14T22:09:22Z" duration-ms="2847" status="PASS">
          <reporter-output>
          </reporter-output>
        </test-method> <!-- befortest -->
        <test-method signature="Test()[pri:0, instance:Tests.Test1@70e8f8e]" started-at="2022-12-14T22:09:22Z" name="Test" finished-at="2022-12-14T22:09:23Z" duration-ms="560" status="PASS">
          <reporter-output>
          </reporter-output>
        </test-method> <!-- Test -->
        <test-method is-config="true" signature="AfterN()[pri:0, instance:Tests.Test1@70e8f8e]" started-at="2022-12-14T22:09:23Z" name="AfterN" finished-at="2022-12-14T22:09:23Z" duration-ms="302" status="PASS">
          <reporter-output>
          </reporter-output>
        </test-method> <!-- AfterN -->
      </class> <!-- Tests.Test1 -->
    </test> <!-- Command line test -->
  </suite> <!-- Command line suite -->
</testng-results>
